2018-06-17 19:17:47  IP:  ::1 Method: GET  Url: /  Body: {}
2018-06-17 19:17:48  IP:  ::1 Method: GET  Url: /favicon.ico  Body: {}
2018-06-17 20:05:24  IP:  ::1 Method: GET  Url: /  Body: {}
2018-06-17 20:05:42  IP:  ::1 Method: GET  Url: /  Body: {}
2018-06-17 20:05:57  IP:  ::1 Method: GET  Url: /testSimu  Body: {}
2018-06-17 20:07:07  IP:  ::1 Method: GET  Url: /testSimu  Body: {}
2018-06-17 20:07:32  IP:  ::1 Method: GET  Url: /  Body: {}
2018-06-17 20:07:33  IP:  ::1 Method: GET  Url: /favicon.ico  Body: {}
2018-06-17 20:07:39  IP:  ::1 Method: GET  Url: /testSimu  Body: {}
2018-06-17 20:10:22  IP:  ::1 Method: GET  Url: /  Body: {}
2018-06-17 20:10:25  IP:  ::1 Method: GET  Url: /testSimu  Body: {}
2018-06-17 20:10:29  IP:  ::1 Method: GET  Url: /testSimu  Body: {}
2018-06-17 20:10:30  IP:  ::1 Method: GET  Url: /testSimu  Body: {}
2018-06-17 20:11:41  IP:  ::1 Method: GET  Url: /testSimu  Body: {}
2018-06-17 20:12:46  IP:  ::1 Method: GET  Url: /testSimu  Body: {}
2018-06-17 20:16:00  IP:  ::1 Method: GET  Url: /  Body: {}
2018-06-17 20:16:02  IP:  ::1 Method: GET  Url: /testSimu  Body: {}
2018-06-17 20:18:46  IP:  ::1 Method: GET  Url: /testSimu  Body: {}
2018-06-17 20:29:52  IP:  ::1 Method: GET  Url: /  Body: {}
2018-06-17 20:29:53  IP:  ::1 Method: GET  Url: /testSimu  Body: {}
2018-06-17 20:31:36  IP:  ::1 Method: GET  Url: /  Body: {}
2018-06-17 20:31:38  IP:  ::1 Method: GET  Url: /testSimu  Body: {}
2018-06-17 20:32:15  IP:  ::1 Method: GET  Url: /fetchEvents  Body: {}
2018-06-17 20:33:26  IP:  ::1 Method: GET  Url: /  Body: {}
2018-06-17 20:33:27  IP:  ::1 Method: GET  Url: /fetchEvents  Body: {}
2018-06-17 20:33:29  IP:  ::1 Method: GET  Url: /insertScenarios  Body: {}
2018-06-17 21:01:51  IP:  ::1 Method: GET  Url: /  Body: {}
2018-06-17 21:01:53  IP:  ::1 Method: GET  Url: /fetchEvents  Body: {}
2018-06-17 21:02:58  IP:  ::1 Method: GET  Url: /fetchEvents  Body: {}
2018-06-17 21:03:00  IP:  ::1 Method: GET  Url: /fetchEvents  Body: {}
2018-06-17 21:05:04  IP:  ::1 Method: GET  Url: /  Body: {}
2018-06-17 21:05:06  IP:  ::1 Method: GET  Url: /fetchEvents  Body: {}
2018-06-17 21:05:08  IP:  ::1 Method: GET  Url: /insertScenarios  Body: {}
2018-06-17 21:05:52  IP:  ::1 Method: GET  Url: /fetchEvents  Body: {}
2018-06-17 21:07:37  IP:  ::1 Method: GET  Url: /  Body: {}
2018-06-17 21:07:39  IP:  ::1 Method: GET  Url: /fetchEvents  Body: {}
2018-06-17 21:07:59  IP:  ::1 Method: GET  Url: /fetchEvents  Body: {}
2018-06-17 21:08:33  IP:  ::1 Method: GET  Url: /fetchEvents  Body: {}
